<?xml version="1.0" encoding="utf-8"?><testsuites name="pytest tests"><testsuite name="pytest" errors="0" failures="0" skipped="0" tests="15" time="9.495" timestamp="2026-05-30T17:36:38.993599+00:00" hostname="agent-env-a53d6b7b-bbb1-4c14-b056-b8e5e345026e"><testcase classname="backend.tests.test_phase1_settings_permissions.TestSettings" name="test_get_settings_public_no_auth" time="0.518" /><testcase classname="backend.tests.test_phase1_settings_permissions.TestSettings" name="test_post_logo_admin_updates_logo_url" time="1.580" /><testcase classname="backend.tests.test_phase1_settings_permissions.TestSettings" name="test_post_hero_admin_updates_hero_url" time="0.268" /><testcase classname="backend.tests.test_phase1_settings_permissions.TestSettings" name="test_post_logo_non_admin_403" time="1.145" /><testcase classname="backend.tests.test_phase1_settings_permissions.TestSettings" name="test_post_hero_non_admin_403" time="0.056" /><testcase classname="backend.tests.test_phase1_settings_permissions.TestSettings" name="test_settings_file_serves_uploaded" time="0.710" /><testcase classname="backend.tests.test_phase1_settings_permissions.TestFolderPermissions" name="test_agent_cannot_update_folder" time="0.184" /><testcase classname="backend.tests.test_phase1_settings_permissions.TestFolderPermissions" name="test_agent_cannot_delete_folder" time="0.179" /><testcase classname="backend.tests.test_phase1_settings_permissions.TestDocumentPermissions" name="test_agent_can_upload" time="0.257" /><testcase classname="backend.tests.test_phase1_settings_permissions.TestDocumentPermissions" name="test_agent_cannot_modify_doc" time="0.397" /><testcase classname="backend.tests.test_phase1_settings_permissions.TestDocumentPermissions" name="test_agent_cannot_delete_doc" time="0.320" /><testcase classname="backend.tests.test_phase1_settings_permissions.TestDocumentPermissions" name="test_agent_cannot_share_doc" time="0.332" /><testcase classname="backend.tests.test_phase1_settings_permissions.TestDocumentPermissions" name="test_agent_cannot_archive_doc" time="0.445" /><testcase classname="backend.tests.test_phase1_settings_permissions.TestIsolation" name="test_folder_isolation" time="0.389" /><testcase classname="backend.tests.test_phase1_settings_permissions.TestIsolation" name="test_document_isolation" time="0.757" /></testsuite></testsuites>