<?xml version="1.0" encoding="utf-8"?><testsuites name="pytest tests"><testsuite name="pytest" errors="0" failures="0" skipped="0" tests="10" time="4.819" timestamp="2026-05-03T00:33:12.125975+00:00" hostname="agent-env-a53d6b7b-bbb1-4c14-b056-b8e5e345026e"><testcase classname="backend.tests.test_reports.TestReportsPreview" name="test_monthly_preview_admin_ok" time="0.678" /><testcase classname="backend.tests.test_reports.TestReportsPreview" name="test_monthly_preview_with_agent_filter_scope_label" time="0.416" /><testcase classname="backend.tests.test_reports.TestReportsPreview" name="test_monthly_preview_non_admin_forbidden" time="0.610" /><testcase classname="backend.tests.test_reports.TestReportsPreview" name="test_monthly_preview_unauthenticated" time="0.151" /><testcase classname="backend.tests.test_reports.TestReportsPreview" name="test_monthly_preview_invalid_month_zero" time="0.055" /><testcase classname="backend.tests.test_reports.TestReportsPreview" name="test_monthly_preview_invalid_month_thirteen" time="0.056" /><testcase classname="backend.tests.test_reports.TestReportsPDF" name="test_monthly_pdf_admin_returns_valid_pdf" time="1.053" /><testcase classname="backend.tests.test_reports.TestReportsPDF" name="test_monthly_pdf_non_admin_forbidden" time="0.583" /><testcase classname="backend.tests.test_reports.TestReportsPDF" name="test_monthly_pdf_invalid_month" time="0.062" /><testcase classname="backend.tests.test_reports.TestReportsPDF" name="test_monthly_pdf_logs_activity" time="0.880" /></testsuite></testsuites>