<?xml version="1.0" encoding="utf-8"?><testsuites name="pytest tests"><testsuite name="pytest" errors="0" failures="0" skipped="0" tests="16" time="4.658" timestamp="2026-05-02T23:43:59.698987+00:00" hostname="agent-env-a53d6b7b-bbb1-4c14-b056-b8e5e345026e"><testcase classname="backend.tests.test_backend" name="test_login_invalid" time="0.585" /><testcase classname="backend.tests.test_backend" name="test_me_unauth" time="0.183" /><testcase classname="backend.tests.test_backend" name="test_me_authenticated" time="0.515" /><testcase classname="backend.tests.test_backend" name="test_dashboard_stats" time="0.068" /><testcase classname="backend.tests.test_backend" name="test_folder_crud" time="0.251" /><testcase classname="backend.tests.test_backend" name="test_list_users" time="0.429" /><testcase classname="backend.tests.test_backend" name="test_update_user" time="0.064" /><testcase classname="backend.tests.test_backend" name="test_non_admin_cannot_list_users" time="0.565" /><testcase classname="backend.tests.test_backend" name="test_list_documents" time="0.296" /><testcase classname="backend.tests.test_backend" name="test_download_document" time="0.229" /><testcase classname="backend.tests.test_backend" name="test_update_document" time="0.061" /><testcase classname="backend.tests.test_backend" name="test_archive_unarchive" time="0.170" /><testcase classname="backend.tests.test_backend" name="test_share_document" time="0.057" /><testcase classname="backend.tests.test_backend" name="test_tags" time="0.063" /><testcase classname="backend.tests.test_backend" name="test_activity" time="0.056" /><testcase classname="backend.tests.test_backend" name="test_logout" time="0.755" /></testsuite></testsuites>