<?xml version="1.0" encoding="utf-8"?><testsuites name="pytest tests"><testsuite name="pytest" errors="0" failures="0" skipped="0" tests="12" time="5.533" timestamp="2026-05-03T00:08:53.382039+00:00" hostname="agent-env-a53d6b7b-bbb1-4c14-b056-b8e5e345026e"><testcase classname="backend.tests.test_new_features.TestNotifications" name="test_list_notifications_shape" time="0.631" /><testcase classname="backend.tests.test_new_features.TestNotifications" name="test_list_notifications_requires_auth" time="0.171" /><testcase classname="backend.tests.test_new_features.TestNotifications" name="test_mark_all_read" time="0.111" /><testcase classname="backend.tests.test_new_features.TestPasswordReset" name="test_reset_password_success_and_creates_notification" time="1.290" /><testcase classname="backend.tests.test_new_features.TestPasswordReset" name="test_reset_password_rejects_short" time="0.055" /><testcase classname="backend.tests.test_new_features.TestPasswordReset" name="test_reset_password_non_admin_forbidden" time="0.510" /><testcase classname="backend.tests.test_new_features.TestPasswordReset" name="test_reset_password_invalid_user_id" time="0.063" /><testcase classname="backend.tests.test_new_features.TestPasswordReset" name="test_reset_password_user_not_found" time="0.065" /><testcase classname="backend.tests.test_new_features.TestFolderHierarchy" name="test_create_child_folder" time="0.273" /><testcase classname="backend.tests.test_new_features.TestFolderHierarchy" name="test_create_folder_with_invalid_parent_fails" time="0.052" /><testcase classname="backend.tests.test_new_features.TestFolderHierarchy" name="test_update_folder_parent" time="0.281" /><testcase classname="backend.tests.test_new_features.TestShareNotification" name="test_share_creates_notification_for_new_users_only" time="1.814" /></testsuite></testsuites>