<?xml version="1.0" encoding="utf-8"?><testsuites name="pytest tests"><testsuite name="pytest" errors="0" failures="0" skipped="0" tests="20" time="18.570" timestamp="2026-05-30T18:31:05.608456+00:00" hostname="agent-env-a53d6b7b-bbb1-4c14-b056-b8e5e345026e"><testcase classname="backend.tests.test_messaging_new.TestAutoShare" name="test_send_message_with_attachment_auto_shares" time="3.947" /><testcase classname="backend.tests.test_messaging_new.TestAutoShare" name="test_broadcast_with_attachment_auto_shares_all" time="1.969" /><testcase classname="backend.tests.test_messaging_new.TestDeleteMessage" name="test_sender_can_delete_own" time="0.300" /><testcase classname="backend.tests.test_messaging_new.TestDeleteMessage" name="test_non_sender_non_admin_403" time="1.389" /><testcase classname="backend.tests.test_messaging_new.TestDeleteMessage" name="test_admin_can_delete_any" time="0.783" /><testcase classname="backend.tests.test_messaging_new.TestDeleteMessage" name="test_deleted_msg_not_in_conversation" time="0.212" /><testcase classname="backend.tests.test_messaging_new.TestDeleteMessage" name="test_deleted_msg_not_in_conversations_last" time="0.264" /><testcase classname="backend.tests.test_messaging_new.TestDeleteMessage" name="test_unread_count_excludes_deleted" time="1.001" /><testcase classname="backend.tests.test_messaging_new.TestBroadcast" name="test_broadcast_basic" time="0.066" /><testcase classname="backend.tests.test_messaging_new.TestBroadcast" name="test_broadcast_empty_content_no_attach_400" time="0.054" /><testcase classname="backend.tests.test_messaging_new.TestBroadcast" name="test_broadcast_empty_recipients_400" time="0.058" /><testcase classname="backend.tests.test_messaging_new.TestBroadcast" name="test_broadcast_only_self_400" time="0.059" /><testcase classname="backend.tests.test_messaging_new.TestBroadcast" name="test_broadcast_self_filtered" time="0.075" /><testcase classname="backend.tests.test_messaging_new.TestSearch" name="test_search_conversations_by_peer_name" time="0.808" /><testcase classname="backend.tests.test_messaging_new.TestSearch" name="test_search_conversations_no_match" time="0.069" /><testcase classname="backend.tests.test_messaging_new.TestSearch" name="test_search_thread_filter" time="0.171" /><testcase classname="backend.tests.test_messaging_new.TestAttachmentAccessSecurity" name="test_non_admin_cannot_attach_doc_without_access" time="1.827" /><testcase classname="backend.tests.test_messaging_new.TestAttachmentAccessSecurity" name="test_non_admin_cannot_broadcast_doc_without_access" time="1.805" /><testcase classname="backend.tests.test_messaging_new.TestAttachmentAccessSecurity" name="test_non_admin_can_attach_doc_already_shared_with_them" time="1.808" /><testcase classname="backend.tests.test_messaging_new.TestReadReceipts" name="test_read_receipt_flow" time="1.067" /></testsuite></testsuites>