<?xml version="1.0" encoding="utf-8"?><testsuites name="pytest tests"><testsuite name="pytest" errors="0" failures="3" skipped="0" tests="17" time="13.264" timestamp="2026-05-30T18:24:20.587781+00:00" hostname="agent-env-a53d6b7b-bbb1-4c14-b056-b8e5e345026e"><testcase classname="backend.tests.test_messaging_new.TestAutoShare" name="test_send_message_with_attachment_auto_shares" time="3.348" /><testcase classname="backend.tests.test_messaging_new.TestAutoShare" name="test_broadcast_with_attachment_auto_shares_all" time="3.283" /><testcase classname="backend.tests.test_messaging_new.TestDeleteMessage" name="test_sender_can_delete_own" time="0.152" /><testcase classname="backend.tests.test_messaging_new.TestDeleteMessage" name="test_non_sender_non_admin_403" time="1.569" /><testcase classname="backend.tests.test_messaging_new.TestDeleteMessage" name="test_admin_can_delete_any" time="0.733" /><testcase classname="backend.tests.test_messaging_new.TestDeleteMessage" name="test_deleted_msg_not_in_conversation" time="0.193"><failure message="AssertionError: Deleted message still appears: ['share me', 'broadcast attach', 'to delete', 'DELME_715ec6']&#10;assert 'DELME_715ec6' not in ['share me', 'broadcast attach', 'to delete', 'DELME_715ec6']">backend/tests/test_messaging_new.py:152: in test_deleted_msg_not_in_conversation
    assert marker not in contents, f"Deleted message still appears: {contents}"
E   AssertionError: Deleted message still appears: ['share me', 'broadcast attach', 'to delete', 'DELME_715ec6']
E   assert 'DELME_715ec6' not in ['share me', 'broadcast attach', 'to delete', 'DELME_715ec6']</failure></testcase><testcase classname="backend.tests.test_messaging_new.TestDeleteMessage" name="test_deleted_msg_not_in_conversations_last" time="0.192" /><testcase classname="backend.tests.test_messaging_new.TestDeleteMessage" name="test_unread_count_excludes_deleted" time="0.868"><failure message="AssertionError: Unread count includes deleted msg: before=5 after=6&#10;assert 6 &lt;= 5">backend/tests/test_messaging_new.py:177: in test_unread_count_excludes_deleted
    assert after &lt;= before, f"Unread count includes deleted msg: before={before} after={after}"
E   AssertionError: Unread count includes deleted msg: before=5 after=6
E   assert 6 &lt;= 5</failure></testcase><testcase classname="backend.tests.test_messaging_new.TestBroadcast" name="test_broadcast_basic" time="0.063" /><testcase classname="backend.tests.test_messaging_new.TestBroadcast" name="test_broadcast_empty_content_no_attach_400" time="0.056" /><testcase classname="backend.tests.test_messaging_new.TestBroadcast" name="test_broadcast_empty_recipients_400" time="0.053" /><testcase classname="backend.tests.test_messaging_new.TestBroadcast" name="test_broadcast_only_self_400" time="0.054" /><testcase classname="backend.tests.test_messaging_new.TestBroadcast" name="test_broadcast_self_filtered" time="0.063" /><testcase classname="backend.tests.test_messaging_new.TestSearch" name="test_search_conversations_by_peer_name" time="0.773" /><testcase classname="backend.tests.test_messaging_new.TestSearch" name="test_search_conversations_no_match" time="0.065" /><testcase classname="backend.tests.test_messaging_new.TestSearch" name="test_search_thread_filter" time="0.184"><failure message="AssertionError: Thread search should filter — got non-matching content: ['share me', 'broadcast attach', 'to delete', 'DELME_715ec6', 'LASTDEL_4f127b', 'unread-del', 'bc_6db4e0', 'selfsilent', 'hi', 'NEEDLE_3a017d', 'other content']&#10;assert False&#10; +  where False = all(&lt;generator object TestSearch.test_search_thread_filter.&lt;locals&gt;.&lt;genexpr&gt; at 0x786165f218c0&gt;)">backend/tests/test_messaging_new.py:252: in test_search_thread_filter
    assert all(marker in c for c in contents), \
E   AssertionError: Thread search should filter — got non-matching content: ['share me', 'broadcast attach', 'to delete', 'DELME_715ec6', 'LASTDEL_4f127b', 'unread-del', 'bc_6db4e0', 'selfsilent', 'hi', 'NEEDLE_3a017d', 'other content']
E   assert False
E    +  where False = all(&lt;generator object TestSearch.test_search_thread_filter.&lt;locals&gt;.&lt;genexpr&gt; at 0x786165f218c0&gt;)</failure></testcase><testcase classname="backend.tests.test_messaging_new.TestReadReceipts" name="test_read_receipt_flow" time="1.077" /></testsuite></testsuites>