<?xml version="1.0" encoding="utf-8"?><testsuites name="pytest tests"><testsuite name="pytest" errors="0" failures="0" skipped="0" tests="26" time="11.431" timestamp="2026-05-03T00:59:29.556386+00:00" hostname="agent-env-a53d6b7b-bbb1-4c14-b056-b8e5e345026e"><testcase classname="backend.tests.test_communication.TestMessaging" name="test_send_message_success" time="1.115" /><testcase classname="backend.tests.test_communication.TestMessaging" name="test_reject_empty_content_no_attachment" time="0.058" /><testcase classname="backend.tests.test_communication.TestMessaging" name="test_reject_self_message" time="0.062" /><testcase classname="backend.tests.test_communication.TestMessaging" name="test_reject_invalid_recipient" time="0.059" /><testcase classname="backend.tests.test_communication.TestMessaging" name="test_message_creates_notification" time="0.658" /><testcase classname="backend.tests.test_communication.TestMessaging" name="test_attachment_with_valid_doc" time="0.319" /><testcase classname="backend.tests.test_communication.TestMessaging" name="test_attachment_invalid_doc_silent" time="0.065" /><testcase classname="backend.tests.test_communication.TestMessaging" name="test_conversations_list" time="0.066" /><testcase classname="backend.tests.test_communication.TestMessaging" name="test_conversation_thread_marks_read" time="0.660" /><testcase classname="backend.tests.test_communication.TestMessaging" name="test_unread_count_endpoint" time="0.483" /><testcase classname="backend.tests.test_communication.TestComments" name="test_add_comment" time="0.304" /><testcase classname="backend.tests.test_communication.TestComments" name="test_reject_empty_comment" time="0.062" /><testcase classname="backend.tests.test_communication.TestComments" name="test_list_comments" time="0.061" /><testcase classname="backend.tests.test_communication.TestComments" name="test_no_access_returns_403" time="0.567" /><testcase classname="backend.tests.test_communication.TestComments" name="test_comment_notifies_owner" time="0.650" /><testcase classname="backend.tests.test_communication.TestComments" name="test_delete_comment_author_ok" time="0.114" /><testcase classname="backend.tests.test_communication.TestComments" name="test_delete_comment_other_forbidden" time="0.659" /><testcase classname="backend.tests.test_communication.TestInbox" name="test_inbox_only_shared_docs" time="0.810" /><testcase classname="backend.tests.test_communication.TestInbox" name="test_inbox_mark_read" time="0.912" /><testcase classname="backend.tests.test_communication.TestInbox" name="test_inbox_mark_read_404_if_not_shared" time="0.802" /><testcase classname="backend.tests.test_communication.TestAnnouncements" name="test_create_announcement_admin" time="0.127" /><testcase classname="backend.tests.test_communication.TestAnnouncements" name="test_create_announcement_rejects_empty" time="0.120" /><testcase classname="backend.tests.test_communication.TestAnnouncements" name="test_agent_cannot_create" time="0.490" /><testcase classname="backend.tests.test_communication.TestAnnouncements" name="test_list_announcements_visible_to_all" time="0.588" /><testcase classname="backend.tests.test_communication.TestAnnouncements" name="test_announcement_creates_notifications_for_users" time="0.635" /><testcase classname="backend.tests.test_communication.TestAnnouncements" name="test_delete_announcement_admin_only" time="0.683" /></testsuite></testsuites>